<?xml version="1.0" encoding="UTF-8"?>
<testng-results ignored="0" total="1" passed="1" failed="0" skipped="0">
  <reporter-output>
  </reporter-output>
  <suite started-at="2026-08-17T15:00:52 IST" name="Default suite" finished-at="2026-08-17T15:01:28 IST" duration-ms="35712">
    <groups>
    </groups>
    <test started-at="2026-08-17T15:00:52 IST" name="Default test" finished-at="2026-08-17T15:01:28 IST" duration-ms="35712">
      <class name="com.multipleframes.testdemo.MultipleFrames">
        <test-method is-config="true" signature="setUp()[pri:0, instance:com.multipleframes.testdemo.MultipleFrames@54d9d12d]" started-at="2026-08-17T15:00:53 IST" name="setUp" finished-at="2026-08-17T15:00:57 IST" duration-ms="4410" status="PASS">
          <reporter-output>
          </reporter-output>
        </test-method> <!-- setUp -->
        <test-method signature="testMultipleFrames()[pri:0, instance:com.multipleframes.testdemo.MultipleFrames@54d9d12d]" started-at="2026-08-17T15:00:57 IST" name="testMultipleFrames" finished-at="2026-08-17T15:01:28 IST" duration-ms="30477" status="PASS">
          <reporter-output>
          </reporter-output>
        </test-method> <!-- testMultipleFrames -->
        <test-method is-config="true" signature="tearDown()[pri:0, instance:com.multipleframes.testdemo.MultipleFrames@54d9d12d]" started-at="2026-08-17T15:01:28 IST" name="tearDown" finished-at="2026-08-17T15:01:28 IST" duration-ms="631" status="PASS">
          <reporter-output>
          </reporter-output>
        </test-method> <!-- tearDown -->
      </class> <!-- com.multipleframes.testdemo.MultipleFrames -->
    </test> <!-- Default test -->
  </suite> <!-- Default suite -->
</testng-results>
